android/app/build/outputs/logs/manifest-merger-debug-report.txt
-- Merging decision tree log ---
manifest
ADDED from src\main\AndroidManifest.xml:1:1-55:12
INJECTED from src\main\AndroidManifest.xml:1:1-55:12
INJECTED from src\main\AndroidManifest.xml:1:1-55:12
INJECTED from src\main\AndroidManifest.xml:1:1-55:12
MERGED from src\main\AndroidManifest.xml:1:1-55:12
MERGED from [:device_calendar] AndroidManifest.xml:2:1-9:12
MERGED from [:firebase_auth_oauth] AndroidManifest.xml:2:1-19:12
MERGED from [:firebase_auth] AndroidManifest.xml:2:1-17:12
MERGED from [:cloud_firestore] AndroidManifest.xml:2:1-17:12
MERGED from [:firebase_core] AndroidManifest.xml:2:1-17:12
MERGED from [:permission_handler_android] AndroidManifest.xml:2:1-9:12
MERGED from [:agora_rtc_engine] AndroidManifest.xml:2:1-23:12
MERGED from [:flutter_native_timezone] AndroidManifest.xml:2:1-9:12
MERGED from [:flutter_local_notifications] AndroidManifest.xml:2:1-30:12
MERGED from [com.firebaseui:firebase-ui-auth:7.2.0] AndroidManifest.xml:2:1-109:12
MERGED from [com.google.firebase:firebase-analytics-ktx:20.1.2] AndroidManifest.xml:2:1-17:12
MERGED from [androidx.window:window-java:1.0.0-beta04] AndroidManifest.xml:17:1-23:12
MERGED from [androidx.window:window:1.0.0-beta04] AndroidManifest.xml:17:1-33:12
MERGED from [com.google.firebase:firebase-common-ktx:20.1.0] AndroidManifest.xml:2:1-21:12
MERGED from [androidx.multidex:multidex:2.0.0] AndroidManifest.xml:17:1-22:12
MERGED from [com.google.firebase:firebase-firestore:24.1.0] AndroidManifest.xml:2:1-26:12
MERGED from [com.google.firebase:firebase-analytics:20.1.2] AndroidManifest.xml:2:1-9:12
MERGED from [com.google.firebase:firebase-auth:21.0.3] AndroidManifest.xml:17:1-73:12
MERGED from [com.google.firebase:firebase-auth-interop:20.0.0] AndroidManifest.xml:2:1-10:12
MERGED from [com.google.firebase:firebase-appcheck-interop:16.0.0-beta05] AndroidManifest.xml:15:1-26:12
MERGED from [com.google.android.gms:play-services-measurement-api:20.1.2] AndroidManifest.xml:17:1-37:12
MERGED from [com.google.firebase:firebase-installations:17.0.1] AndroidManifest.xml:2:1-24:12
MERGED from [com.google.firebase:firebase-common:20.1.0] AndroidManifest.xml:15:1-40:12
MERGED from [com.google.android.material:material:1.2.1] AndroidManifest.xml:17:1-24:12
MERGED from [androidx.constraintlayout:constraintlayout:2.0.4] AndroidManifest.xml:2:1-11:12
MERGED from [me.zhanghai.android.materialprogressbar:library:1.6.1] AndroidManifest.xml:6:1-15:12
MERGED from [androidx.appcompat:appcompat:1.3.1] AndroidManifest.xml:17:1-24:12
MERGED from [io.grpc:grpc-android:1.44.1] AndroidManifest.xml:2:1-11:12
MERGED from [androidx.browser:browser:1.3.0] AndroidManifest.xml:17:1-24:12
MERGED from [androidx.cardview:cardview:1.0.0] AndroidManifest.xml:17:1-22:12
MERGED from [com.google.firebase:firebase-components:17.0.0] AndroidManifest.xml:15:1-23:12
MERGED from [androidx.lifecycle:lifecycle-extensions:2.2.0] AndroidManifest.xml:17:1-27:12
MERGED from [androidx.legacy:legacy-support-v4:1.0.0] AndroidManifest.xml:17:1-22:12
MERGED from [com.google.android.gms:play-services-auth:19.0.0] AndroidManifest.xml:17:1-40:12
MERGED from [com.google.android.gms:play-services-auth-api-phone:17.4.0] AndroidManifest.xml:2:1-7:12
MERGED from [com.google.android.gms:play-services-safetynet:17.0.0] AndroidManifest.xml:17:1-24:12
MERGED from [com.google.firebase:firebase-database-collection:18.0.1] AndroidManifest.xml:2:1-9:12
MERGED from [com.google.android.gms:play-services-auth-base:17.0.0] AndroidManifest.xml:2:1-7:12
MERGED from [com.google.android.gms:play-services-base:18.0.1] AndroidManifest.xml:16:1-24:12
MERGED from [com.google.firebase:firebase-installations-interop:17.0.1] AndroidManifest.xml:15:1-23:12
MERGED from [com.google.android.gms:play-services-tasks:18.0.1] AndroidManifest.xml:2:1-6:12
MERGED from [com.google.android.gms:play-services-measurement:20.1.2] AndroidManifest.xml:17:1-46:12
MERGED from [com.google.android.gms:play-services-measurement-sdk:20.1.2] AndroidManifest.xml:17:1-25:12
MERGED from [com.google.android.gms:play-services-measurement-impl:20.1.2] AndroidManifest.xml:17:1-32:12
MERGED from [com.google.android.gms:play-services-ads-identifier:18.0.0] AndroidManifest.xml:17:1-27:12
MERGED from [com.google.android.gms:play-services-measurement-sdk-api:20.1.2] AndroidManifest.xml:17:1-28:12
MERGED from [com.google.android.gms:play-services-measurement-base:20.1.2] AndroidManifest.xml:2:1-9:12
MERGED from [com.google.android.gms:play-services-stats:17.0.2] AndroidManifest.xml:2:1-9:12
MERGED from [com.google.firebase:firebase-measurement-connector:19.0.0] AndroidManifest.xml:17:1-25:12
MERGED from [com.google.android.gms:play-services-basement:18.0.0] AndroidManifest.xml:16:1-26:12
MERGED from [androidx.viewpager2:viewpager2:1.0.0] AndroidManifest.xml:17:1-24:12
MERGED from [androidx.fragment:fragment:1.3.6] AndroidManifest.xml:17:1-24:12
MERGED from [androidx.activity:activity:1.2.4] AndroidManifest.xml:17:1-24:12
MERGED from [androidx.legacy:legacy-support-core-ui:1.0.0] AndroidManifest.xml:17:1-22:12
MERGED from [androidx.cursoradapter:cursoradapter:1.0.0] AndroidManifest.xml:17:1-22:12
MERGED from [androidx.appcompat:appcompat-resources:1.3.1] AndroidManifest.xml:17:1-24:12
MERGED from [androidx.drawerlayout:drawerlayout:1.0.0] AndroidManifest.xml:17:1-22:12
MERGED from [androidx.lifecycle:lifecycle-viewmodel-savedstate:2.3.1] AndroidManifest.xml:17:1-24:12
MERGED from [androidx.savedstate:savedstate:1.1.0] AndroidManifest.xml:17:1-24:12
MERGED from [androidx.media:media:1.1.0] AndroidManifest.xml:17:1-24:12
MERGED from [androidx.coordinatorlayout:coordinatorlayout:1.1.0] AndroidManifest.xml:17:1-24:12
MERGED from [androidx.transition:transition:1.2.0] AndroidManifest.xml:17:1-24:12
MERGED from [androidx.vectordrawable:vectordrawable-animated:1.1.0] AndroidManifest.xml:17:1-24:12
MERGED from [androidx.vectordrawable:vectordrawable:1.1.0] AndroidManifest.xml:17:1-24:12
MERGED from [androidx.legacy:legacy-support-core-utils:1.0.0] AndroidManifest.xml:17:1-22:12
MERGED from [androidx.loader:loader:1.0.0] AndroidManifest.xml:17:1-22:12
MERGED from [androidx.viewpager:viewpager:1.0.0] AndroidManifest.xml:17:1-22:12
MERGED from [androidx.recyclerview:recyclerview:1.1.0] AndroidManifest.xml:17:1-24:12
MERGED from [androidx.slidingpanelayout:slidingpanelayout:1.0.0] AndroidManifest.xml:17:1-22:12
MERGED from [androidx.customview:customview:1.0.0] AndroidManifest.xml:17:1-22:12
MERGED from [androidx.swiperefreshlayout:swiperefreshlayout:1.0.0] AndroidManifest.xml:17:1-22:12
MERGED from [androidx.asynclayoutinflater:asynclayoutinflater:1.0.0] AndroidManifest.xml:17:1-22:12
MERGED from [androidx.core:core:1.6.0] AndroidManifest.xml:17:1-26:12
MERGED from [androidx.lifecycle:lifecycle-process:2.2.0] AndroidManifest.xml:17:1-32:12
MERGED from [androidx.lifecycle:lifecycle-service:2.2.0] AndroidManifest.xml:17:1-24:12
MERGED from [androidx.lifecycle:lifecycle-runtime:2.3.1] AndroidManifest.xml:17:1-24:12
MERGED from [androidx.lifecycle:lifecycle-viewmodel:2.3.1] AndroidManifest.xml:17:1-24:12
MERGED from [androidx.tracing:tracing:1.0.0] AndroidManifest.xml:17:1-24:12
MERGED from [androidx.localbroadcastmanager:localbroadcastmanager:1.0.0] AndroidManifest.xml:17:1-22:12
MERGED from [androidx.versionedparcelable:versionedparcelable:1.1.1] AndroidManifest.xml:17:1-27:12
MERGED from [androidx.interpolator:interpolator:1.0.0] AndroidManifest.xml:17:1-22:12
MERGED from [androidx.lifecycle:lifecycle-livedata:2.2.0] AndroidManifest.xml:17:1-24:12
MERGED from [androidx.lifecycle:lifecycle-livedata-core:2.3.1] AndroidManifest.xml:17:1-24:12
MERGED from [androidx.arch.core:core-runtime:2.1.0] AndroidManifest.xml:17:1-24:12
MERGED from [androidx.documentfile:documentfile:1.0.0] AndroidManifest.xml:17:1-22:12
MERGED from [androidx.print:print:1.0.0] AndroidManifest.xml:17:1-22:12
MERGED from [com.github.agorabuilder:iris-rtc:3.5.2] AndroidManifest.xml:2:1-11:12
MERGED from [com.jakewharton.threetenabp:threetenabp:1.2.3] AndroidManifest.xml:2:1-9:12
MERGED from [com.google.firebase:protolite-well-known-types:18.0.0] AndroidManifest.xml:2:1-11:12
MERGED from [androidx.annotation:annotation-experimental:1.1.0] AndroidManifest.xml:17:1-24:12
INJECTED from src\debug\AndroidManifest.xml:1:1-7:12
INJECTED from src\debug\AndroidManifest.xml:1:1-7:12
INJECTED from src\debug\AndroidManifest.xml:1:1-7:12
	package
		ADDED from src\main\AndroidManifest.xml:2:5-43
		INJECTED from src\main\AndroidManifest.xml
		INJECTED from src\debug\AndroidManifest.xml
	android:versionName
		INJECTED from src\main\AndroidManifest.xml
		ADDED from src\main\AndroidManifest.xml:1:1-55:12
		INJECTED from src\debug\AndroidManifest.xml
	android:versionCode
		INJECTED from src\main\AndroidManifest.xml
		ADDED from src\main\AndroidManifest.xml:1:1-55:12
		INJECTED from src\debug\AndroidManifest.xml
	xmlns:android
		ADDED from src\main\AndroidManifest.xml:1:11-69
uses-permission#android.permission.READ_CALENDAR
ADDED from src\main\AndroidManifest.xml:4:5-72
	android:name
		ADDED from src\main\AndroidManifest.xml:4:22-69
uses-permission#android.permission.WRITE_CALENDAR
ADDED from src\main\AndroidManifest.xml:5:5-73
	android:name
		ADDED from src\main\AndroidManifest.xml:5:22-70
uses-permission#android.permission.READ_PHONE_STATE
ADDED from src\main\AndroidManifest.xml:6:5-74
MERGED from [:agora_rtc_engine] AndroidManifest.xml:10:5-75
MERGED from [:agora_rtc_engine] AndroidManifest.xml:10:5-75
	android:name
		ADDED from src\main\AndroidManifest.xml:6:22-72
uses-permission#android.permission.INTERNET
ADDED from src\main\AndroidManifest.xml:7:5-67
MERGED from src\main\AndroidManifest.xml:7:5-67
MERGED from src\main\AndroidManifest.xml:7:5-67
MERGED from [:agora_rtc_engine] AndroidManifest.xml:11:5-67
MERGED from [:agora_rtc_engine] AndroidManifest.xml:11:5-67
MERGED from [com.firebaseui:firebase-ui-auth:7.2.0] AndroidManifest.xml:13:5-67
MERGED from [com.firebaseui:firebase-ui-auth:7.2.0] AndroidManifest.xml:13:5-67
MERGED from [com.google.firebase:firebase-firestore:24.1.0] AndroidManifest.xml:14:5-67
MERGED from [com.google.firebase:firebase-firestore:24.1.0] AndroidManifest.xml:14:5-67
MERGED from [com.google.firebase:firebase-auth:21.0.3] AndroidManifest.xml:23:5-67
MERGED from [com.google.firebase:firebase-auth:21.0.3] AndroidManifest.xml:23:5-67
MERGED from [com.google.android.gms:play-services-measurement-api:20.1.2] AndroidManifest.xml:22:5-67
MERGED from [com.google.android.gms:play-services-measurement-api:20.1.2] AndroidManifest.xml:22:5-67
MERGED from [com.google.firebase:firebase-installations:17.0.1] AndroidManifest.xml:11:5-67
MERGED from [com.google.firebase:firebase-installations:17.0.1] AndroidManifest.xml:11:5-67
MERGED from [com.google.android.gms:play-services-measurement:20.1.2] AndroidManifest.xml:23:5-67
MERGED from [com.google.android.gms:play-services-measurement:20.1.2] AndroidManifest.xml:23:5-67
MERGED from [com.google.android.gms:play-services-measurement-impl:20.1.2] AndroidManifest.xml:23:5-67
MERGED from [com.google.android.gms:play-services-measurement-impl:20.1.2] AndroidManifest.xml:23:5-67
MERGED from [com.google.android.gms:play-services-measurement-sdk-api:20.1.2] AndroidManifest.xml:23:5-67
MERGED from [com.google.android.gms:play-services-measurement-sdk-api:20.1.2] AndroidManifest.xml:23:5-67
	android:name
		ADDED from src\main\AndroidManifest.xml:7:22-64
uses-permission#android.permission.RECORD_AUDIO
ADDED from src\main\AndroidManifest.xml:8:5-71
MERGED from [:agora_rtc_engine] AndroidManifest.xml:12:5-71
MERGED from [:agora_rtc_engine] AndroidManifest.xml:12:5-71
	android:name
		ADDED from src\main\AndroidManifest.xml:8:22-68
uses-permission#android.permission.CAMERA
ADDED from src\main\AndroidManifest.xml:9:5-65
MERGED from [:agora_rtc_engine] AndroidManifest.xml:13:5-65
MERGED from [:agora_rtc_engine] AndroidManifest.xml:13:5-65
	android:name
		ADDED from src\main\AndroidManifest.xml:9:22-62
uses-permission#android.permission.MODIFY_AUDIO_SETTINGS
ADDED from src\main\AndroidManifest.xml:10:5-80
MERGED from [:agora_rtc_engine] AndroidManifest.xml:14:5-80
MERGED from [:agora_rtc_engine] AndroidManifest.xml:14:5-80
	android:name
		ADDED from src\main\AndroidManifest.xml:10:22-77
uses-permission#android.permission.ACCESS_NETWORK_STATE
ADDED from src\main\AndroidManifest.xml:11:5-79
MERGED from [:agora_rtc_engine] AndroidManifest.xml:15:5-79
MERGED from [:agora_rtc_engine] AndroidManifest.xml:15:5-79
MERGED from [com.firebaseui:firebase-ui-auth:7.2.0] AndroidManifest.xml:12:5-79
MERGED from [com.firebaseui:firebase-ui-auth:7.2.0] AndroidManifest.xml:12:5-79
MERGED from [com.google.firebase:firebase-firestore:24.1.0] AndroidManifest.xml:13:5-79
MERGED from [com.google.firebase:firebase-firestore:24.1.0] AndroidManifest.xml:13:5-79
MERGED from [com.google.firebase:firebase-auth:21.0.3] AndroidManifest.xml:24:5-79
MERGED from [com.google.firebase:firebase-auth:21.0.3] AndroidManifest.xml:24:5-79
MERGED from [com.google.android.gms:play-services-measurement-api:20.1.2] AndroidManifest.xml:23:5-79
MERGED from [com.google.android.gms:play-services-measurement-api:20.1.2] AndroidManifest.xml:23:5-79
MERGED from [com.google.firebase:firebase-installations:17.0.1] AndroidManifest.xml:10:5-79
MERGED from [com.google.firebase:firebase-installations:17.0.1] AndroidManifest.xml:10:5-79
MERGED from [io.grpc:grpc-android:1.44.1] AndroidManifest.xml:9:5-79
MERGED from [io.grpc:grpc-android:1.44.1] AndroidManifest.xml:9:5-79
MERGED from [com.google.android.gms:play-services-measurement:20.1.2] AndroidManifest.xml:24:5-79
MERGED from [com.google.android.gms:play-services-measurement:20.1.2] AndroidManifest.xml:24:5-79
MERGED from [com.google.android.gms:play-services-measurement-impl:20.1.2] AndroidManifest.xml:24:5-79
MERGED from [com.google.android.gms:play-services-measurement-impl:20.1.2] AndroidManifest.xml:24:5-79
MERGED from [com.google.android.gms:play-services-measurement-sdk-api:20.1.2] AndroidManifest.xml:24:5-79
MERGED from [com.google.android.gms:play-services-measurement-sdk-api:20.1.2] AndroidManifest.xml:24:5-79
	android:name
		ADDED from src\main\AndroidManifest.xml:11:22-76
uses-permission#android.permission.BLUETOOTH
ADDED from src\main\AndroidManifest.xml:14:5-68
MERGED from [:agora_rtc_engine] AndroidManifest.xml:16:5-68
MERGED from [:agora_rtc_engine] AndroidManifest.xml:16:5-68
	android:name
		ADDED from src\main\AndroidManifest.xml:14:22-65
application
ADDED from src\main\AndroidManifest.xml:15:4-54:19
MERGED from [:firebase_auth] AndroidManifest.xml:9:5-15:19
MERGED from [:firebase_auth] AndroidManifest.xml:9:5-15:19
MERGED from [:cloud_firestore] AndroidManifest.xml:9:5-15:19
MERGED from [:cloud_firestore] AndroidManifest.xml:9:5-15:19
MERGED from [:firebase_core] AndroidManifest.xml:9:5-15:19
MERGED from [:firebase_core] AndroidManifest.xml:9:5-15:19
MERGED from [:flutter_local_notifications] AndroidManifest.xml:14:5-28:19
MERGED from [:flutter_local_notifications] AndroidManifest.xml:14:5-28:19
MERGED from [com.firebaseui:firebase-ui-auth:7.2.0] AndroidManifest.xml:15:5-107:19
MERGED from [com.firebaseui:firebase-ui-auth:7.2.0] AndroidManifest.xml:15:5-107:19
MERGED from [com.google.firebase:firebase-analytics-ktx:20.1.2] AndroidManifest.xml:7:5-15:19
MERGED from [com.google.firebase:firebase-analytics-ktx:20.1.2] AndroidManifest.xml:7:5-15:19
MERGED from [androidx.window:window:1.0.0-beta04] AndroidManifest.xml:24:5-31:19
MERGED from [androidx.window:window:1.0.0-beta04] AndroidManifest.xml:24:5-31:19
MERGED from [com.google.firebase:firebase-common-ktx:20.1.0] AndroidManifest.xml:11:5-19:19
MERGED from [com.google.firebase:firebase-common-ktx:20.1.0] AndroidManifest.xml:11:5-19:19
MERGED from [com.google.firebase:firebase-firestore:24.1.0] AndroidManifest.xml:16:5-24:19
MERGED from [com.google.firebase:firebase-firestore:24.1.0] AndroidManifest.xml:16:5-24:19
MERGED from [com.google.firebase:firebase-analytics:20.1.2] AndroidManifest.xml:7:5-20
MERGED from [com.google.firebase:firebase-analytics:20.1.2] AndroidManifest.xml:7:5-20
MERGED from [com.google.firebase:firebase-auth:21.0.3] AndroidManifest.xml:26:5-71:19
MERGED from [com.google.firebase:firebase-auth:21.0.3] AndroidManifest.xml:26:5-71:19
MERGED from [com.google.firebase:firebase-auth-interop:20.0.0] AndroidManifest.xml:7:5-8:19
MERGED from [com.google.firebase:firebase-auth-interop:20.0.0] AndroidManifest.xml:7:5-8:19
MERGED from [com.google.firebase:firebase-appcheck-interop:16.0.0-beta05] AndroidManifest.xml:24:5-20
MERGED from [com.google.firebase:firebase-appcheck-interop:16.0.0-beta05] AndroidManifest.xml:24:5-20
MERGED from [com.google.android.gms:play-services-measurement-api:20.1.2] AndroidManifest.xml:27:5-35:19
MERGED from [com.google.android.gms:play-services-measurement-api:20.1.2] AndroidManifest.xml:27:5-35:19
MERGED from [com.google.firebase:firebase-installations:17.0.1] AndroidManifest.xml:14:5-22:19
MERGED from [com.google.firebase:firebase-installations:17.0.1] AndroidManifest.xml:14:5-22:19
MERGED from [com.google.firebase:firebase-common:20.1.0] AndroidManifest.xml:25:5-38:19
MERGED from [com.google.firebase:firebase-common:20.1.0] AndroidManifest.xml:25:5-38:19
MERGED from [com.google.android.material:material:1.2.1] AndroidManifest.xml:22:5-20
MERGED from [com.google.android.material:material:1.2.1] AndroidManifest.xml:22:5-20
MERGED from [androidx.constraintlayout:constraintlayout:2.0.4] AndroidManifest.xml:9:5-20
MERGED from [androidx.constraintlayout:constraintlayout:2.0.4] AndroidManifest.xml:9:5-20
MERGED from [androidx.lifecycle:lifecycle-extensions:2.2.0] AndroidManifest.xml:24:5-25:19
MERGED from [androidx.lifecycle:lifecycle-extensions:2.2.0] AndroidManifest.xml:24:5-25:19
MERGED from [com.google.android.gms:play-services-auth:19.0.0] AndroidManifest.xml:22:5-38:19
MERGED from [com.google.android.gms:play-services-auth:19.0.0] AndroidManifest.xml:22:5-38:19
MERGED from [com.google.android.gms:play-services-safetynet:17.0.0] AndroidManifest.xml:22:5-20
MERGED from [com.google.android.gms:play-services-safetynet:17.0.0] AndroidManifest.xml:22:5-20
MERGED from [com.google.android.gms:play-services-base:18.0.1] AndroidManifest.xml:19:5-23:19
MERGED from [com.google.android.gms:play-services-base:18.0.1] AndroidManifest.xml:19:5-23:19
MERGED from [com.google.android.gms:play-services-tasks:18.0.1] AndroidManifest.xml:5:5-20
MERGED from [com.google.android.gms:play-services-tasks:18.0.1] AndroidManifest.xml:5:5-20
MERGED from [com.google.android.gms:play-services-measurement:20.1.2] AndroidManifest.xml:28:5-44:19
MERGED from [com.google.android.gms:play-services-measurement:20.1.2] AndroidManifest.xml:28:5-44:19
MERGED from [com.google.android.gms:play-services-measurement-sdk:20.1.2] AndroidManifest.xml:22:5-23:19
MERGED from [com.google.android.gms:play-services-measurement-sdk:20.1.2] AndroidManifest.xml:22:5-23:19
MERGED from [com.google.android.gms:play-services-measurement-impl:20.1.2] AndroidManifest.xml:29:5-30:19
MERGED from [com.google.android.gms:play-services-measurement-impl:20.1.2] AndroidManifest.xml:29:5-30:19
MERGED from [com.google.android.gms:play-services-ads-identifier:18.0.0] AndroidManifest.xml:25:5-20
MERGED from [com.google.android.gms:play-services-ads-identifier:18.0.0] AndroidManifest.xml:25:5-20
MERGED from [com.google.android.gms:play-services-measurement-base:20.1.2] AndroidManifest.xml:7:5-20
MERGED from [com.google.android.gms:play-services-measurement-base:20.1.2] AndroidManifest.xml:7:5-20
MERGED from [com.google.android.gms:play-services-stats:17.0.2] AndroidManifest.xml:7:5-20
MERGED from [com.google.android.gms:play-services-stats:17.0.2] AndroidManifest.xml:7:5-20
MERGED from [com.google.firebase:firebase-measurement-connector:19.0.0] AndroidManifest.xml:22:5-23:19
MERGED from [com.google.firebase:firebase-measurement-connector:19.0.0] AndroidManifest.xml:22:5-23:19
MERGED from [com.google.android.gms:play-services-basement:18.0.0] AndroidManifest.xml:20:5-24:19
MERGED from [com.google.android.gms:play-services-basement:18.0.0] AndroidManifest.xml:20:5-24:19
MERGED from [androidx.core:core:1.6.0] AndroidManifest.xml:24:5-89
MERGED from [androidx.core:core:1.6.0] AndroidManifest.xml:24:5-89
MERGED from [androidx.lifecycle:lifecycle-process:2.2.0] AndroidManifest.xml:24:5-30:19
MERGED from [androidx.lifecycle:lifecycle-process:2.2.0] AndroidManifest.xml:24:5-30:19
MERGED from [androidx.versionedparcelable:versionedparcelable:1.1.1] AndroidManifest.xml:24:5-25:19
MERGED from [androidx.versionedparcelable:versionedparcelable:1.1.1] AndroidManifest.xml:24:5-25:19
MERGED from [com.jakewharton.threetenabp:threetenabp:1.2.3] AndroidManifest.xml:7:5-20
MERGED from [com.jakewharton.threetenabp:threetenabp:1.2.3] AndroidManifest.xml:7:5-20
	android:appComponentFactory
		ADDED from [androidx.core:core:1.6.0] AndroidManifest.xml:24:18-86
	android:label
		ADDED from src\main\AndroidManifest.xml:16:9-33
	android:icon
		ADDED from src\main\AndroidManifest.xml:17:9-43
activity#com.example.capstone_project.MainActivity
ADDED from src\main\AndroidManifest.xml:18:9-47:20
	android:launchMode
		ADDED from src\main\AndroidManifest.xml:21:13-43
	android:hardwareAccelerated
		ADDED from src\main\AndroidManifest.xml:24:13-47
	android:windowSoftInputMode
		ADDED from src\main\AndroidManifest.xml:25:13-55
	android:exported
		ADDED from src\main\AndroidManifest.xml:20:13-36
	android:configChanges
		ADDED from src\main\AndroidManifest.xml:23:13-163
	android:theme
		ADDED from src\main\AndroidManifest.xml:22:13-47
	android:name
		ADDED from src\main\AndroidManifest.xml:19:13-41
meta-data#io.flutter.embedding.android.NormalTheme
ADDED from src\main\AndroidManifest.xml:30:13-33:17
	android:resource
		ADDED from src\main\AndroidManifest.xml:32:15-52
	android:name
		ADDED from src\main\AndroidManifest.xml:31:15-70
meta-data#io.flutter.embedding.android.SplashScreenDrawable
ADDED from src\main\AndroidManifest.xml:39:13-42:17
	android:resource
		ADDED from src\main\AndroidManifest.xml:41:15-61
	android:name
		ADDED from src\main\AndroidManifest.xml:40:15-79
intent-filter#action:name:android.intent.action.MAIN+category:name:android.intent.category.LAUNCHER
ADDED from src\main\AndroidManifest.xml:43:13-46:29
action#android.intent.action.MAIN
ADDED from src\main\AndroidManifest.xml:44:17-68
	android:name
		ADDED from src\main\AndroidManifest.xml:44:25-66
category#android.intent.category.LAUNCHER
ADDED from src\main\AndroidManifest.xml:45:17-76
	android:name
		ADDED from src\main\AndroidManifest.xml:45:27-74
meta-data#flutterEmbedding
ADDED from src\main\AndroidManifest.xml:50:9-52:33
	android:value
		ADDED from src\main\AndroidManifest.xml:52:13-30
	android:name
		ADDED from src\main\AndroidManifest.xml:51:13-44
uses-sdk
INJECTED from src\main\AndroidManifest.xml reason: use-sdk injection requested
INJECTED from src\main\AndroidManifest.xml
INJECTED from src\main\AndroidManifest.xml
MERGED from [:device_calendar] AndroidManifest.xml:5:5-7:41
MERGED from [:device_calendar] AndroidManifest.xml:5:5-7:41
MERGED from [:firebase_auth_oauth] AndroidManifest.xml:5:5-7:41
MERGED from [:firebase_auth_oauth] AndroidManifest.xml:5:5-7:41
MERGED from [:firebase_auth] AndroidManifest.xml:5:5-7:41
MERGED from [:firebase_auth] AndroidManifest.xml:5:5-7:41
MERGED from [:cloud_firestore] AndroidManifest.xml:5:5-7:41
MERGED from [:cloud_firestore] AndroidManifest.xml:5:5-7:41
MERGED from [:firebase_core] AndroidManifest.xml:5:5-7:41
MERGED from [:firebase_core] AndroidManifest.xml:5:5-7:41
MERGED from [:permission_handler_android] AndroidManifest.xml:5:5-7:41
MERGED from [:permission_handler_android] AndroidManifest.xml:5:5-7:41
MERGED from [:agora_rtc_engine] AndroidManifest.xml:6:5-8:41
MERGED from [:agora_rtc_engine] AndroidManifest.xml:6:5-8:41
MERGED from [:flutter_native_timezone] AndroidManifest.xml:5:5-7:41
MERGED from [:flutter_native_timezone] AndroidManifest.xml:5:5-7:41
MERGED from [:flutter_local_notifications] AndroidManifest.xml:5:5-7:41
MERGED from [:flutter_local_notifications] AndroidManifest.xml:5:5-7:41
MERGED from [com.firebaseui:firebase-ui-auth:7.2.0] AndroidManifest.xml:8:5-10:41
MERGED from [com.firebaseui:firebase-ui-auth:7.2.0] AndroidManifest.xml:8:5-10:41
MERGED from [com.google.firebase:firebase-analytics-ktx:20.1.2] AndroidManifest.xml:5:5-44
MERGED from [com.google.firebase:firebase-analytics-ktx:20.1.2] AndroidManifest.xml:5:5-44
MERGED from [androidx.window:window-java:1.0.0-beta04] AndroidManifest.xml:19:5-21:41
MERGED from [androidx.window:window-java:1.0.0-beta04] AndroidManifest.xml:19:5-21:41
MERGED from [androidx.window:window:1.0.0-beta04] AndroidManifest.xml:20:5-22:41
MERGED from [androidx.window:window:1.0.0-beta04] AndroidManifest.xml:20:5-22:41
MERGED from [com.google.firebase:firebase-common-ktx:20.1.0] AndroidManifest.xml:6:5-8:41
MERGED from [com.google.firebase:firebase-common-ktx:20.1.0] AndroidManifest.xml:6:5-8:41
MERGED from [androidx.multidex:multidex:2.0.0] AndroidManifest.xml:20:5-43
MERGED from [androidx.multidex:multidex:2.0.0] AndroidManifest.xml:20:5-43
MERGED from [com.google.firebase:firebase-firestore:24.1.0] AndroidManifest.xml:7:5-9:41
MERGED from [com.google.firebase:firebase-firestore:24.1.0] AndroidManifest.xml:7:5-9:41
MERGED from [com.google.firebase:firebase-analytics:20.1.2] AndroidManifest.xml:5:5-44
MERGED from [com.google.firebase:firebase-analytics:20.1.2] AndroidManifest.xml:5:5-44
MERGED from [com.google.firebase:firebase-auth:21.0.3] AndroidManifest.xml:21:5-44
MERGED from [com.google.firebase:firebase-auth:21.0.3] AndroidManifest.xml:21:5-44
MERGED from [com.google.firebase:firebase-auth-interop:20.0.0] AndroidManifest.xml:5:5-44
MERGED from [com.google.firebase:firebase-auth-interop:20.0.0] AndroidManifest.xml:5:5-44
MERGED from [com.google.firebase:firebase-appcheck-interop:16.0.0-beta05] AndroidManifest.xml:19:5-21:41
MERGED from [com.google.firebase:firebase-appcheck-interop:16.0.0-beta05] AndroidManifest.xml:19:5-21:41
MERGED from [com.google.android.gms:play-services-measurement-api:20.1.2] AndroidManifest.xml:20:5-44
MERGED from [com.google.android.gms:play-services-measurement-api:20.1.2] AndroidManifest.xml:20:5-44
MERGED from [com.google.firebase:firebase-installations:17.0.1] AndroidManifest.xml:6:5-8:41
MERGED from [com.google.firebase:firebase-installations:17.0.1] AndroidManifest.xml:6:5-8:41
MERGED from [com.google.firebase:firebase-common:20.1.0] AndroidManifest.xml:20:5-22:41
MERGED from [com.google.firebase:firebase-common:20.1.0] AndroidManifest.xml:20:5-22:41
MERGED from [com.google.android.material:material:1.2.1] AndroidManifest.xml:20:5-44
MERGED from [com.google.android.material:material:1.2.1] AndroidManifest.xml:20:5-44
MERGED from [androidx.constraintlayout:constraintlayout:2.0.4] AndroidManifest.xml:5:5-7:41
MERGED from [androidx.constraintlayout:constraintlayout:2.0.4] AndroidManifest.xml:5:5-7:41
MERGED from [me.zhanghai.android.materialprogressbar:library:1.6.1] AndroidManifest.xml:11:5-13:41
MERGED from [me.zhanghai.android.materialprogressbar:library:1.6.1] AndroidManifest.xml:11:5-13:41
MERGED from [androidx.appcompat:appcompat:1.3.1] AndroidManifest.xml:20:5-22:41
MERGED from [androidx.appcompat:appcompat:1.3.1] AndroidManifest.xml:20:5-22:41
MERGED from [io.grpc:grpc-android:1.44.1] AndroidManifest.xml:5:5-7:41
MERGED from [io.grpc:grpc-android:1.44.1] AndroidManifest.xml:5:5-7:41
MERGED from [androidx.browser:browser:1.3.0] AndroidManifest.xml:20:5-22:41
MERGED from [androidx.browser:browser:1.3.0] AndroidManifest.xml:20:5-22:41
MERGED from [androidx.cardview:cardview:1.0.0] AndroidManifest.xml:20:5-44
MERGED from [androidx.cardview:cardview:1.0.0] AndroidManifest.xml:20:5-44
MERGED from [com.google.firebase:firebase-components:17.0.0] AndroidManifest.xml:19:5-21:41
MERGED from [com.google.firebase:firebase-components:17.0.0] AndroidManifest.xml:19:5-21:41
MERGED from [androidx.lifecycle:lifecycle-extensions:2.2.0] AndroidManifest.xml:20:5-22:41
MERGED from [androidx.lifecycle:lifecycle-extensions:2.2.0] AndroidManifest.xml:20:5-22:41
MERGED from [androidx.legacy:legacy-support-v4:1.0.0] AndroidManifest.xml:20:5-44
MERGED from [androidx.legacy:legacy-support-v4:1.0.0] AndroidManifest.xml:20:5-44
MERGED from [com.google.android.gms:play-services-auth:19.0.0] AndroidManifest.xml:20:5-44
MERGED from [com.google.android.gms:play-services-auth:19.0.0] AndroidManifest.xml:20:5-44
MERGED from [com.google.android.gms:play-services-auth-api-phone:17.4.0] AndroidManifest.xml:5:5-44
MERGED from [com.google.android.gms:play-services-auth-api-phone:17.4.0] AndroidManifest.xml:5:5-44
MERGED from [com.google.android.gms:play-services-safetynet:17.0.0] AndroidManifest.xml:20:5-44
MERGED from [com.google.android.gms:play-services-safetynet:17.0.0] AndroidManifest.xml:20:5-44
MERGED from [com.google.firebase:firebase-database-collection:18.0.1] AndroidManifest.xml:5:5-7:41
MERGED from [com.google.firebase:firebase-database-collection:18.0.1] AndroidManifest.xml:5:5-7:41
MERGED from [com.google.android.gms:play-services-auth-base:17.0.0] AndroidManifest.xml:5:5-44
MERGED from [com.google.android.gms:play-services-auth-base:17.0.0] AndroidManifest.xml:5:5-44
MERGED from [com.google.android.gms:play-services-base:18.0.1] AndroidManifest.xml:18:5-43
MERGED from [com.google.android.gms:play-services-base:18.0.1] AndroidManifest.xml:18:5-43
MERGED from [com.google.firebase:firebase-installations-interop:17.0.1] AndroidManifest.xml:19:5-21:41
MERGED from [com.google.firebase:firebase-installations-interop:17.0.1] AndroidManifest.xml:19:5-21:41
MERGED from [com.google.android.gms:play-services-tasks:18.0.1] AndroidManifest.xml:4:5-43
MERGED from [com.google.android.gms:play-services-tasks:18.0.1] AndroidManifest.xml:4:5-43
MERGED from [com.google.android.gms:play-services-measurement:20.1.2] AndroidManifest.xml:20:5-44
MERGED from [com.google.android.gms:play-services-measurement:20.1.2] AndroidManifest.xml:20:5-44